{"/home/tima/apps/saas/api/server/aws-ses.ts": {"path":"/home/tima/apps/saas/api/server/aws-ses.ts","statementMap":{"0":{"start":{"line":1,"column":0},"end":{"line":1,"column":31}},"1":{"start":{"line":3,"column":0},"end":{"line":3,"column":null}},"2":{"start":{"line":8,"column":2},"end":{"line":12,"column":5}},"3":{"start":{"line":14,"column":14},"end":{"line":14,"column":51}},"4":{"start":{"line":16,"column":2},"end":{"line":44,"column":5}},"5":{"start":{"line":17,"column":4},"end":{"line":43,"column":6}},"6":{"start":{"line":38,"column":10},"end":{"line":38,"column":22}},"7":{"start":{"line":40,"column":10},"end":{"line":40,"column":24}},"8":{"start":{"line":7,"column":0},"end":{"line":7,"column":24}}},"fnMap":{"0":{"name":"sendEmail","decl":{"start":{"line":7,"column":24},"end":{"line":7,"column":33}},"loc":{"start":{"line":7,"column":41},"end":{"line":45,"column":1}}},"1":{"name":"(anonymous_1)","decl":{"start":{"line":16,"column":21},"end":{"line":16,"column":22}},"loc":{"start":{"line":16,"column":37},"end":{"line":44,"column":3}}},"2":{"name":"(anonymous_2)","decl":{"start":{"line":36,"column":6},"end":{"line":36,"column":7}},"loc":{"start":{"line":36,"column":16},"end":{"line":42,"column":7}}}},"branchMap":{},"s":{"0":1,"1":1,"2":0,"3":0,"4":0,"5":0,"6":0,"7":0,"8":1},"f":{"0":0,"1":0,"2":0},"b":{}}
,"/home/tima/apps/saas/api/server/consts.ts": {"path":"/home/tima/apps/saas/api/server/consts.ts","statementMap":{"0":{"start":{"line":6,"column":27},"end":{"line":6,"column":54}},"1":{"start":{"line":6,"column":54},"end":{"line":6,"column":null}},"2":{"start":{"line":7,"column":14},"end":{"line":7,"column":39}},"3":{"start":{"line":9,"column":4},"end":{"line":9,"column":82}},"4":{"start":{"line":11,"column":2},"end":{"line":11,"column":13}},"5":{"start":{"line":15,"column":13},"end":{"line":15,"column":57}},"6":{"start":{"line":17,"column":13},"end":{"line":17,"column":48}},"7":{"start":{"line":19,"column":13},"end":{"line":19,"column":45}},"8":{"start":{"line":21,"column":13},"end":{"line":21,"column":49}},"9":{"start":{"line":23,"column":21},"end":{"line":23,"column":35}},"10":{"start":{"line":25,"column":2},"end":{"line":25,"column":126}},"11":{"start":{"line":27,"column":13},"end":{"line":27,"column":30}},"12":{"start":{"line":29,"column":21},"end":{"line":29,"column":35}},"13":{"start":{"line":31,"column":2},"end":{"line":31,"column":126}},"14":{"start":{"line":33,"column":13},"end":{"line":33,"column":30}},"15":{"start":{"line":35,"column":27},"end":{"line":35,"column":47}},"16":{"start":{"line":37,"column":2},"end":{"line":37,"column":93}},"17":{"start":{"line":40,"column":2},"end":{"line":40,"column":59}},"18":{"start":{"line":42,"column":13},"end":{"line":42,"column":42}},"19":{"start":{"line":44,"column":23},"end":{"line":44,"column":39}},"20":{"start":{"line":46,"column":2},"end":{"line":46,"column":88}},"21":{"start":{"line":48,"column":13},"end":{"line":48,"column":34}},"22":{"start":{"line":50,"column":13},"end":{"line":50,"column":70}},"23":{"start":{"line":52,"column":28},"end":{"line":52,"column":49}},"24":{"start":{"line":55,"column":4},"end":{"line":55,"column":72}},"25":{"start":{"line":57,"column":2},"end":{"line":57,"column":58}},"26":{"start":{"line":60,"column":13},"end":{"line":60,"column":52}},"27":{"start":{"line":62,"column":13},"end":{"line":62,"column":88}},"28":{"start":{"line":63,"column":13},"end":{"line":63,"column":100}},"29":{"start":{"line":65,"column":13},"end":{"line":65,"column":97}},"30":{"start":{"line":66,"column":13},"end":{"line":66,"column":109}},"31":{"start":{"line":68,"column":13},"end":{"line":68,"column":84}},"32":{"start":{"line":70,"column":13},"end":{"line":70,"column":66}},"33":{"start":{"line":71,"column":13},"end":{"line":71,"column":64}},"34":{"start":{"line":72,"column":13},"end":{"line":72,"column":84}},"35":{"start":{"line":74,"column":13},"end":{"line":74,"column":98}},"36":{"start":{"line":75,"column":13},"end":{"line":75,"column":98}},"37":{"start":{"line":76,"column":13},"end":{"line":76,"column":87}},"38":{"start":{"line":78,"column":13},"end":{"line":78,"column":113}},"39":{"start":{"line":79,"column":13},"end":{"line":79,"column":113}},"40":{"start":{"line":80,"column":13},"end":{"line":80,"column":102}},"41":{"start":{"line":82,"column":13},"end":{"line":82,"column":97}},"42":{"start":{"line":83,"column":13},"end":{"line":83,"column":97}},"43":{"start":{"line":84,"column":13},"end":{"line":84,"column":78}},"44":{"start":{"line":86,"column":13},"end":{"line":86,"column":121}}},"fnMap":{"0":{"name":"get","decl":{"start":{"line":6,"column":9},"end":{"line":6,"column":12}},"loc":{"start":{"line":6,"column":82},"end":{"line":12,"column":1}}}},"branchMap":{"0":{"loc":{"start":{"line":6,"column":27},"end":{"line":6,"column":54}},"type":"if","locations":[{"start":{"line":6,"column":27},"end":{"line":6,"column":54}},{"start":{"line":6,"column":27},"end":{"line":6,"column":54}}]},"1":{"loc":{"start":{"line":6,"column":54},"end":{"line":6,"column":null}},"type":"if","locations":[{"start":{"line":6,"column":54},"end":{"line":6,"column":null}},{"start":{"line":6,"column":54},"end":{"line":6,"column":null}}]},"2":{"loc":{"start":{"line":7,"column":14},"end":{"line":7,"column":31}},"type":"binary-expr","locations":[{"start":{"line":7,"column":14},"end":{"line":7,"column":31}},{"start":{"line":7,"column":35},"end":{"line":7,"column":39}}]},"3":{"loc":{"start":{"line":8,"column":6},"end":{"line":8,"column":10}},"type":"binary-expr","locations":[{"start":{"line":8,"column":6},"end":{"line":8,"column":10}},{"start":{"line":8,"column":14},"end":{"line":8,"column":22}}]},"4":{"loc":{"start":{"line":9,"column":23},"end":{"line":9,"column":36}},"type":"binary-expr","locations":[{"start":{"line":9,"column":23},"end":{"line":9,"column":36}},{"start":{"line":9,"column":40},"end":{"line":9,"column":44}}]},"5":{"loc":{"start":{"line":15,"column":24},"end":{"line":15,"column":39}},"type":"binary-expr","locations":[{"start":{"line":15,"column":24},"end":{"line":15,"column":39}},{"start":{"line":15,"column":43},"end":{"line":15,"column":56}}]},"6":{"loc":{"start":{"line":19,"column":24},"end":{"line":19,"column":36}},"type":"binary-expr","locations":[{"start":{"line":19,"column":24},"end":{"line":19,"column":36}},{"start":{"line":19,"column":40},"end":{"line":19,"column":44}}]},"7":{"loc":{"start":{"line":21,"column":24},"end":{"line":21,"column":40}},"type":"binary-expr","locations":[{"start":{"line":21,"column":24},"end":{"line":21,"column":40}},{"start":{"line":21,"column":44},"end":{"line":21,"column":48}}]},"8":{"loc":{"start":{"line":25,"column":20},"end":{"line":25,"column":80}},"type":"cond-expr","locations":[{"start":{"line":25,"column":20},"end":{"line":25,"column":80}},{"start":{"line":25,"column":83},"end":{"line":25,"column":125}}]},"9":{"loc":{"start":{"line":25,"column":20},"end":{"line":25,"column":46}},"type":"binary-expr","locations":[{"start":{"line":25,"column":20},"end":{"line":25,"column":46}},{"start":{"line":25,"column":50},"end":{"line":25,"column":80}}]},"10":{"loc":{"start":{"line":31,"column":20},"end":{"line":31,"column":80}},"type":"cond-expr","locations":[{"start":{"line":31,"column":20},"end":{"line":31,"column":80}},{"start":{"line":31,"column":83},"end":{"line":31,"column":125}}]},"11":{"loc":{"start":{"line":31,"column":20},"end":{"line":31,"column":46}},"type":"binary-expr","locations":[{"start":{"line":31,"column":20},"end":{"line":31,"column":46}},{"start":{"line":31,"column":50},"end":{"line":31,"column":80}}]},"12":{"loc":{"start":{"line":37,"column":26},"end":{"line":37,"column":58}},"type":"cond-expr","locations":[{"start":{"line":37,"column":26},"end":{"line":37,"column":58}},{"start":{"line":37,"column":61},"end":{"line":37,"column":92}}]},"13":{"loc":{"start":{"line":40,"column":26},"end":{"line":40,"column":37}},"type":"cond-expr","locations":[{"start":{"line":40,"column":26},"end":{"line":40,"column":37}},{"start":{"line":40,"column":40},"end":{"line":40,"column":58}}]},"14":{"loc":{"start":{"line":46,"column":22},"end":{"line":46,"column":62}},"type":"cond-expr","locations":[{"start":{"line":46,"column":22},"end":{"line":46,"column":62}},{"start":{"line":46,"column":65},"end":{"line":46,"column":87}}]},"15":{"loc":{"start":{"line":50,"column":36},"end":{"line":50,"column":55}},"type":"binary-expr","locations":[{"start":{"line":50,"column":36},"end":{"line":50,"column":55}},{"start":{"line":50,"column":59},"end":{"line":50,"column":69}}]},"16":{"loc":{"start":{"line":62,"column":39},"end":{"line":62,"column":61}},"type":"binary-expr","locations":[{"start":{"line":62,"column":39},"end":{"line":62,"column":61}},{"start":{"line":62,"column":65},"end":{"line":62,"column":87}}]},"17":{"loc":{"start":{"line":63,"column":43},"end":{"line":63,"column":69}},"type":"binary-expr","locations":[{"start":{"line":63,"column":43},"end":{"line":63,"column":69}},{"start":{"line":63,"column":73},"end":{"line":63,"column":99}}]},"18":{"loc":{"start":{"line":65,"column":42},"end":{"line":65,"column":67}},"type":"binary-expr","locations":[{"start":{"line":65,"column":42},"end":{"line":65,"column":67}},{"start":{"line":65,"column":71},"end":{"line":65,"column":96}}]},"19":{"loc":{"start":{"line":66,"column":46},"end":{"line":66,"column":75}},"type":"binary-expr","locations":[{"start":{"line":66,"column":46},"end":{"line":66,"column":75}},{"start":{"line":66,"column":79},"end":{"line":66,"column":108}}]},"20":{"loc":{"start":{"line":74,"column":37},"end":{"line":74,"column":65}},"type":"binary-expr","locations":[{"start":{"line":74,"column":37},"end":{"line":74,"column":65}},{"start":{"line":74,"column":69},"end":{"line":74,"column":97}}]},"21":{"loc":{"start":{"line":75,"column":37},"end":{"line":75,"column":65}},"type":"binary-expr","locations":[{"start":{"line":75,"column":37},"end":{"line":75,"column":65}},{"start":{"line":75,"column":69},"end":{"line":75,"column":97}}]},"22":{"loc":{"start":{"line":76,"column":41},"end":{"line":76,"column":62}},"type":"cond-expr","locations":[{"start":{"line":76,"column":41},"end":{"line":76,"column":62}},{"start":{"line":76,"column":65},"end":{"line":76,"column":86}}]},"23":{"loc":{"start":{"line":78,"column":42},"end":{"line":78,"column":75}},"type":"binary-expr","locations":[{"start":{"line":78,"column":42},"end":{"line":78,"column":75}},{"start":{"line":78,"column":79},"end":{"line":78,"column":112}}]},"24":{"loc":{"start":{"line":79,"column":42},"end":{"line":79,"column":75}},"type":"binary-expr","locations":[{"start":{"line":79,"column":42},"end":{"line":79,"column":75}},{"start":{"line":79,"column":79},"end":{"line":79,"column":112}}]},"25":{"loc":{"start":{"line":80,"column":46},"end":{"line":80,"column":72}},"type":"cond-expr","locations":[{"start":{"line":80,"column":46},"end":{"line":80,"column":72}},{"start":{"line":80,"column":75},"end":{"line":80,"column":101}}]},"26":{"loc":{"start":{"line":82,"column":42},"end":{"line":82,"column":67}},"type":"binary-expr","locations":[{"start":{"line":82,"column":42},"end":{"line":82,"column":67}},{"start":{"line":82,"column":71},"end":{"line":82,"column":96}}]},"27":{"loc":{"start":{"line":83,"column":42},"end":{"line":83,"column":67}},"type":"binary-expr","locations":[{"start":{"line":83,"column":42},"end":{"line":83,"column":67}},{"start":{"line":83,"column":71},"end":{"line":83,"column":96}}]},"28":{"loc":{"start":{"line":84,"column":38},"end":{"line":84,"column":56}},"type":"cond-expr","locations":[{"start":{"line":84,"column":38},"end":{"line":84,"column":56}},{"start":{"line":84,"column":59},"end":{"line":84,"column":77}}]},"29":{"loc":{"start":{"line":86,"column":50},"end":{"line":86,"column":83}},"type":"binary-expr","locations":[{"start":{"line":86,"column":50},"end":{"line":86,"column":83}},{"start":{"line":86,"column":87},"end":{"line":86,"column":120}}]}},"s":{"0":76,"1":76,"2":38,"3":0,"4":38,"5":1,"6":1,"7":1,"8":1,"9":1,"10":1,"11":1,"12":1,"13":1,"14":1,"15":1,"16":1,"17":1,"18":1,"19":1,"20":0,"21":1,"22":1,"23":1,"24":0,"25":0,"26":1,"27":1,"28":1,"29":1,"30":1,"31":1,"32":1,"33":1,"34":1,"35":1,"36":1,"37":1,"38":1,"39":1,"40":1,"41":1,"42":1,"43":1,"44":1},"f":{"0":38},"b":{"0":[38,0],"1":[38,0],"2":[38,19],"3":[38,19],"4":[0,0],"5":[1,0],"6":[1,1],"7":[1,1],"8":[1,0],"9":[1,1],"10":[1,0],"11":[1,1],"12":[1,0],"13":[1,0],"14":[0,0],"15":[1,0],"16":[1,1],"17":[1,1],"18":[1,1],"19":[1,1],"20":[1,1],"21":[1,1],"22":[1,0],"23":[1,1],"24":[1,1],"25":[1,0],"26":[1,1],"27":[1,1],"28":[1,0],"29":[1,1]}}
,"/home/tima/apps/saas/api/server/env.ts": {"path":"/home/tima/apps/saas/api/server/env.ts","statementMap":{"0":{"start":{"line":4,"column":0},"end":{"line":4,"column":32}},"1":{"start":{"line":5,"column":15},"end":{"line":5,"column":23}},"2":{"start":{"line":9,"column":2},"end":{"line":14,"column":5}},"3":{"start":{"line":10,"column":18},"end":{"line":10,"column":36}},"4":{"start":{"line":12,"column":6},"end":{"line":12,"column":31}}},"fnMap":{"0":{"name":"(anonymous_0)","decl":{"start":{"line":9,"column":37},"end":{"line":9,"column":40}},"loc":{"start":{"line":9,"column":40},"end":{"line":14,"column":3}}}},"branchMap":{},"s":{"0":1,"1":1,"2":1,"3":21,"4":21},"f":{"0":21},"b":{}}
,"/home/tima/apps/saas/api/server/logs.ts": {"path":"/home/tima/apps/saas/api/server/logs.ts","statementMap":{"0":{"start":{"line":1,"column":0},"end":{"line":1,"column":35}},"1":{"start":{"line":3,"column":0},"end":{"line":3,"column":34}},"2":{"start":{"line":5,"column":15},"end":{"line":9,"column":2}},"3":{"start":{"line":11,"column":0},"end":{"line":11,"column":22}}},"fnMap":{},"branchMap":{"0":{"loc":{"start":{"line":7,"column":19},"end":{"line":7,"column":25}},"type":"cond-expr","locations":[{"start":{"line":7,"column":19},"end":{"line":7,"column":25}},{"start":{"line":7,"column":28},"end":{"line":7,"column":35}}]}},"s":{"0":1,"1":1,"2":1,"3":1},"f":{},"b":{"0":[0,1]}}
,"/home/tima/apps/saas/api/server/mailchimp.ts": {"path":"/home/tima/apps/saas/api/server/mailchimp.ts","statementMap":{"0":{"start":{"line":1,"column":0},"end":{"line":1,"column":35}},"1":{"start":{"line":3,"column":0},"end":{"line":3,"column":null}},"2":{"start":{"line":11,"column":19},"end":{"line":11,"column":23}},"3":{"start":{"line":11,"column":25},"end":{"line":11,"column":31}},"4":{"start":{"line":11,"column":33},"end":{"line":11,"column":37}},"5":{"start":{"line":12,"column":19},"end":{"line":12,"column":70}},"6":{"start":{"line":15,"column":18},"end":{"line":15,"column":35}},"7":{"start":{"line":17,"column":2},"end":{"line":37,"column":5}},"8":{"start":{"line":18,"column":4},"end":{"line":36,"column":6}},"9":{"start":{"line":31,"column":10},"end":{"line":31,"column":22}},"10":{"start":{"line":33,"column":10},"end":{"line":33,"column":24}},"11":{"start":{"line":40,"column":27},"end":{"line":40,"column":32}},"12":{"start":{"line":40,"column":34},"end":{"line":40,"column":42}},"13":{"start":{"line":41,"column":8},"end":{"line":44,"column":4}},"14":{"start":{"line":46,"column":8},"end":{"line":46,"column":55}},"15":{"start":{"line":48,"column":2},"end":{"line":48,"column":48}},"16":{"start":{"line":51,"column":9},"end":{"line":51,"column":18}}},"fnMap":{"0":{"name":"callAPI","decl":{"start":{"line":11,"column":9},"end":{"line":11,"column":16}},"loc":{"start":{"line":11,"column":39},"end":{"line":38,"column":1}}},"1":{"name":"(anonymous_13)","decl":{"start":{"line":17,"column":21},"end":{"line":17,"column":22}},"loc":{"start":{"line":17,"column":37},"end":{"line":37,"column":3}}},"2":{"name":"(anonymous_14)","decl":{"start":{"line":29,"column":6},"end":{"line":29,"column":7}},"loc":{"start":{"line":29,"column":16},"end":{"line":35,"column":7}}}},"branchMap":{},"s":{"0":1,"1":1,"2":0,"3":0,"4":0,"5":0,"6":0,"7":0,"8":0,"9":0,"10":0,"11":0,"12":0,"13":0,"14":0,"15":0,"16":1},"f":{"0":0,"1":0,"2":0},"b":{}}
,"/home/tima/apps/saas/api/server/stripe.ts": {"path":"/home/tima/apps/saas/api/server/stripe.ts","statementMap":{"0":{"start":{"line":1,"column":0},"end":{"line":1,"column":42}},"1":{"start":{"line":2,"column":0},"end":{"line":2,"column":33}},"2":{"start":{"line":3,"column":0},"end":{"line":3,"column":28}},"3":{"start":{"line":4,"column":0},"end":{"line":4,"column":33}},"4":{"start":{"line":6,"column":0},"end":{"line":6,"column":null}},"5":{"start":{"line":12,"column":23},"end":{"line":12,"column":42}},"6":{"start":{"line":14,"column":26},"end":{"line":14,"column":31}},"7":{"start":{"line":14,"column":33},"end":{"line":14,"column":48}},"8":{"start":{"line":14,"column":50},"end":{"line":14,"column":62}},"9":{"start":{"line":15,"column":2},"end":{"line":22,"column":5}},"10":{"start":{"line":101,"column":2},"end":{"line":101,"column":16}},"11":{"start":{"line":25,"column":30},"end":{"line":25,"column":40}},"12":{"start":{"line":25,"column":42},"end":{"line":25,"column":48}},"13":{"start":{"line":25,"column":50},"end":{"line":25,"column":62}},"14":{"start":{"line":26,"column":2},"end":{"line":26,"column":64}},"15":{"start":{"line":27,"column":2},"end":{"line":38,"column":5}},"16":{"start":{"line":102,"column":2},"end":{"line":102,"column":20}},"17":{"start":{"line":41,"column":30},"end":{"line":41,"column":44}},"18":{"start":{"line":42,"column":2},"end":{"line":42,"column":54}},"19":{"start":{"line":43,"column":2},"end":{"line":43,"column":84}},"20":{"start":{"line":103,"column":2},"end":{"line":103,"column":20}},"21":{"start":{"line":46,"column":24},"end":{"line":46,"column":34}},"22":{"start":{"line":46,"column":36},"end":{"line":46,"column":42}},"23":{"start":{"line":47,"column":2},"end":{"line":47,"column":27}},"24":{"start":{"line":48,"column":2},"end":{"line":48,"column":23}},"25":{"start":{"line":49,"column":2},"end":{"line":49,"column":67}},"26":{"start":{"line":104,"column":2},"end":{"line":104,"column":14}},"27":{"start":{"line":52,"column":25},"end":{"line":52,"column":35}},"28":{"start":{"line":52,"column":37},"end":{"line":52,"column":42}},"29":{"start":{"line":53,"column":2},"end":{"line":53,"column":48}},"30":{"start":{"line":54,"column":2},"end":{"line":54,"column":78}},"31":{"start":{"line":105,"column":2},"end":{"line":105,"column":15}},"32":{"start":{"line":57,"column":26},"end":{"line":57,"column":36}},"33":{"start":{"line":57,"column":38},"end":{"line":57,"column":47}},"34":{"start":{"line":58,"column":2},"end":{"line":58,"column":48}},"35":{"start":{"line":59,"column":2},"end":{"line":59,"column":84}},"36":{"start":{"line":106,"column":2},"end":{"line":106,"column":16}},"37":{"start":{"line":63,"column":16},"end":{"line":66,"column":null}},"38":{"start":{"line":68,"column":2},"end":{"line":68,"column":15}},"39":{"start":{"line":71,"column":0},"end":{"line":71,"column":9}},"40":{"start":{"line":71,"column":26},"end":{"line":71,"column":32}},"41":{"start":{"line":72,"column":2},"end":{"line":92,"column":4}},"42":{"start":{"line":77,"column":22},"end":{"line":77,"column":null}},"43":{"start":{"line":77,"column":14},"end":{"line":77,"column":null}},"44":{"start":{"line":81,"column":16},"end":{"line":81,"column":33}},"45":{"start":{"line":83,"column":8},"end":{"line":85,"column":11}},"46":{"start":{"line":87,"column":8},"end":{"line":87,"column":28}},"47":{"start":{"line":89,"column":8},"end":{"line":89,"column":18}},"48":{"start":{"line":107,"column":2},"end":{"line":107,"column":16}},"49":{"start":{"line":95,"column":29},"end":{"line":95,"column":39}},"50":{"start":{"line":96,"column":2},"end":{"line":96,"column":68}},"51":{"start":{"line":97,"column":2},"end":{"line":97,"column":64}},"52":{"start":{"line":108,"column":2},"end":{"line":108,"column":19}}},"fnMap":{"0":{"name":"createCustomer","decl":{"start":{"line":14,"column":9},"end":{"line":14,"column":23}},"loc":{"start":{"line":14,"column":64},"end":{"line":23,"column":1}}},"1":{"name":"createSubscription","decl":{"start":{"line":25,"column":9},"end":{"line":25,"column":27}},"loc":{"start":{"line":25,"column":64},"end":{"line":39,"column":1}}},"2":{"name":"cancelSubscription","decl":{"start":{"line":41,"column":9},"end":{"line":41,"column":27}},"loc":{"start":{"line":41,"column":46},"end":{"line":44,"column":1}}},"3":{"name":"retrieveCard","decl":{"start":{"line":46,"column":9},"end":{"line":46,"column":21}},"loc":{"start":{"line":46,"column":44},"end":{"line":50,"column":1}}},"4":{"name":"createNewCard","decl":{"start":{"line":52,"column":9},"end":{"line":52,"column":22}},"loc":{"start":{"line":52,"column":44},"end":{"line":55,"column":1}}},"5":{"name":"updateCustomer","decl":{"start":{"line":57,"column":9},"end":{"line":57,"column":23}},"loc":{"start":{"line":57,"column":49},"end":{"line":60,"column":1}}},"6":{"name":"verifyWebHook","decl":{"start":{"line":62,"column":9},"end":{"line":62,"column":22}},"loc":{"start":{"line":62,"column":30},"end":{"line":69,"column":1}}},"7":{"name":"stripeWebHooks","decl":{"start":{"line":71,"column":9},"end":{"line":71,"column":23}},"loc":{"start":{"line":71,"column":34},"end":{"line":93,"column":1}}},"8":{"name":"getListOfInvoices","decl":{"start":{"line":95,"column":9},"end":{"line":95,"column":26}},"loc":{"start":{"line":95,"column":41},"end":{"line":98,"column":1}}}},"branchMap":{},"s":{"0":1,"1":1,"2":1,"3":1,"4":1,"5":1,"6":0,"7":0,"8":0,"9":0,"10":1,"11":0,"12":0,"13":0,"14":0,"15":0,"16":1,"17":0,"18":0,"19":0,"20":1,"21":0,"22":0,"23":0,"24":0,"25":0,"26":1,"27":0,"28":0,"29":0,"30":0,"31":1,"32":0,"33":0,"34":0,"35":0,"36":1,"37":0,"38":0,"39":0,"40":0,"41":0,"42":0,"43":0,"44":0,"45":0,"46":0,"47":0,"48":1,"49":0,"50":0,"51":0,"52":1},"f":{"0":0,"1":0,"2":0,"3":0,"4":0,"5":0,"6":0,"7":0,"8":0},"b":{}}
,"/home/tima/apps/saas/api/server/models/EmailTemplate.ts": {"path":"/home/tima/apps/saas/api/server/models/EmailTemplate.ts","statementMap":{"0":{"start":{"line":1,"column":0},"end":{"line":1,"column":28}},"1":{"start":{"line":2,"column":0},"end":{"line":2,"column":37}},"2":{"start":{"line":10,"column":22},"end":{"line":26,"column":null}},"3":{"start":{"line":117,"column":9},"end":{"line":117,"column":22}},"4":{"start":{"line":30,"column":8},"end":{"line":77,"column":4}},"5":{"start":{"line":79,"column":27},"end":{"line":79,"column":null}},"6":{"start":{"line":79,"column":13},"end":{"line":79,"column":18}},"7":{"start":{"line":80,"column":15},"end":{"line":80,"column":null}},"8":{"start":{"line":80,"column":10},"end":{"line":80,"column":null}},"9":{"start":{"line":81,"column":10},"end":{"line":84,"column":14}},"10":{"start":{"line":87,"column":6},"end":{"line":87,"column":62}},"11":{"start":{"line":89,"column":6},"end":{"line":89,"column":97}},"12":{"start":{"line":79,"column":18},"end":{"line":79,"column":null}},"13":{"start":{"line":94,"column":0},"end":{"line":94,"column":18}},"14":{"start":{"line":102,"column":4},"end":{"line":102,"column":null}},"15":{"start":{"line":102,"column":4},"end":{"line":102,"column":12}},"16":{"start":{"line":103,"column":5},"end":{"line":105,"column":7}},"17":{"start":{"line":103,"column":4},"end":{"line":105,"column":null}},"18":{"start":{"line":101,"column":8},"end":{"line":105,"column":null}},"19":{"start":{"line":108,"column":4},"end":{"line":108,"column":52}},"20":{"start":{"line":111,"column":2},"end":{"line":114,"column":4}},"21":{"start":{"line":96,"column":0},"end":{"line":96,"column":30}}},"fnMap":{},"branchMap":{"0":{"loc":{"start":{"line":88,"column":15},"end":{"line":88,"column":39}},"type":"binary-expr","locations":[{"start":{"line":88,"column":15},"end":{"line":88,"column":39}},{"start":{"line":88,"column":43},"end":{"line":88,"column":65}}]}},"s":{"0":1,"1":1,"2":1,"3":1,"4":1,"5":1,"6":4,"7":4,"8":4,"9":4,"10":4,"11":0,"12":4,"13":1,"14":0,"15":0,"16":0,"17":0,"18":0,"19":0,"20":0,"21":1},"f":{},"b":{"0":[0,0]}}
,"/home/tima/apps/saas/api/server/models/Invitation.ts": {"path":"/home/tima/apps/saas/api/server/models/Invitation.ts","statementMap":{"0":{"start":{"line":1,"column":0},"end":{"line":1,"column":37}},"1":{"start":{"line":3,"column":0},"end":{"line":3,"column":35}},"2":{"start":{"line":4,"column":0},"end":{"line":4,"column":29}},"3":{"start":{"line":5,"column":0},"end":{"line":5,"column":66}},"4":{"start":{"line":6,"column":0},"end":{"line":6,"column":26}},"5":{"start":{"line":7,"column":0},"end":{"line":7,"column":45}},"6":{"start":{"line":9,"column":0},"end":{"line":9,"column":null}},"7":{"start":{"line":13,"column":0},"end":{"line":13,"column":40}},"8":{"start":{"line":15,"column":20},"end":{"line":35,"column":2}},"9":{"start":{"line":37,"column":0},"end":{"line":37,"column":61}},"10":{"start":{"line":64,"column":14},"end":{"line":65,"column":8}},"11":{"start":{"line":65,"column":4},"end":{"line":70,"column":24}},"12":{"start":{"line":72,"column":2},"end":{"line":72,"column":20}},"13":{"start":{"line":75,"column":0},"end":{"line":75,"column":null}},"14":{"start":{"line":75,"column":30},"end":{"line":75,"column":38}},"15":{"start":{"line":76,"column":22},"end":{"line":151,"column":null}},"16":{"start":{"line":76,"column":28},"end":{"line":76,"column":34}},"17":{"start":{"line":76,"column":36},"end":{"line":76,"column":42}},"18":{"start":{"line":76,"column":44},"end":{"line":76,"column":49}},"19":{"start":{"line":78,"column":6},"end":{"line":78,"column":34}},"20":{"start":{"line":81,"column":17},"end":{"line":81,"column":null}},"21":{"start":{"line":81,"column":10},"end":{"line":81,"column":null}},"22":{"start":{"line":83,"column":6},"end":{"line":83,"column":71}},"23":{"start":{"line":86,"column":27},"end":{"line":88,"column":null}},"24":{"start":{"line":86,"column":10},"end":{"line":88,"column":null}},"25":{"start":{"line":90,"column":8},"end":{"line":90,"column":22}},"26":{"start":{"line":91,"column":10},"end":{"line":91,"column":14}},"27":{"start":{"line":92,"column":8},"end":{"line":92,"column":61}},"28":{"start":{"line":94,"column":8},"end":{"line":94,"column":98}},"29":{"start":{"line":96,"column":12},"end":{"line":96,"column":26}},"30":{"start":{"line":97,"column":10},"end":{"line":99,"column":13}},"31":{"start":{"line":105,"column":23},"end":{"line":107,"column":null}},"32":{"start":{"line":105,"column":10},"end":{"line":107,"column":null}},"33":{"start":{"line":109,"column":8},"end":{"line":109,"column":18}},"34":{"start":{"line":110,"column":6},"end":{"line":110,"column":31}},"35":{"start":{"line":112,"column":6},"end":{"line":112,"column":30}},"36":{"start":{"line":113,"column":14},"end":{"line":113,"column":51}},"37":{"start":{"line":113,"column":55},"end":{"line":113,"column":null}},"38":{"start":{"line":114,"column":8},"end":{"line":114,"column":32}},"39":{"start":{"line":117,"column":6},"end":{"line":121,"column":9}},"40":{"start":{"line":124,"column":26},"end":{"line":126,"column":null}},"41":{"start":{"line":124,"column":10},"end":{"line":126,"column":null}},"42":{"start":{"line":129,"column":6},"end":{"line":129,"column":61}},"43":{"start":{"line":132,"column":21},"end":{"line":139,"column":null}},"44":{"start":{"line":132,"column":10},"end":{"line":139,"column":null}},"45":{"start":{"line":141,"column":4},"end":{"line":148,"column":7}},"46":{"start":{"line":147,"column":6},"end":{"line":147,"column":48}},"47":{"start":{"line":150,"column":11},"end":{"line":150,"column":76}},"48":{"start":{"line":150,"column":4},"end":{"line":150,"column":76}},"49":{"start":{"line":153,"column":22},"end":{"line":165,"column":null}},"50":{"start":{"line":153,"column":44},"end":{"line":153,"column":50}},"51":{"start":{"line":153,"column":52},"end":{"line":153,"column":58}},"52":{"start":{"line":154,"column":17},"end":{"line":156,"column":null}},"53":{"start":{"line":154,"column":10},"end":{"line":156,"column":null}},"54":{"start":{"line":159,"column":6},"end":{"line":159,"column":49}},"55":{"start":{"line":162,"column":4},"end":{"line":164,"column":34}},"56":{"start":{"line":167,"column":22},"end":{"line":187,"column":null}},"57":{"start":{"line":167,"column":39},"end":{"line":167,"column":44}},"58":{"start":{"line":169,"column":6},"end":{"line":169,"column":34}},"59":{"start":{"line":172,"column":23},"end":{"line":172,"column":null}},"60":{"start":{"line":172,"column":10},"end":{"line":172,"column":null}},"61":{"start":{"line":175,"column":6},"end":{"line":175,"column":46}},"62":{"start":{"line":178,"column":17},"end":{"line":180,"column":null}},"63":{"start":{"line":178,"column":10},"end":{"line":180,"column":null}},"64":{"start":{"line":183,"column":6},"end":{"line":183,"column":45}},"65":{"start":{"line":186,"column":4},"end":{"line":186,"column":16}},"66":{"start":{"line":189,"column":22},"end":{"line":207,"column":null}},"67":{"start":{"line":189,"column":44},"end":{"line":189,"column":49}},"68":{"start":{"line":189,"column":51},"end":{"line":189,"column":57}},"69":{"start":{"line":191,"column":6},"end":{"line":191,"column":34}},"70":{"start":{"line":194,"column":23},"end":{"line":194,"column":null}},"71":{"start":{"line":194,"column":10},"end":{"line":194,"column":null}},"72":{"start":{"line":197,"column":6},"end":{"line":197,"column":46}},"73":{"start":{"line":200,"column":17},"end":{"line":202,"column":null}},"74":{"start":{"line":200,"column":10},"end":{"line":202,"column":null}},"75":{"start":{"line":205,"column":6},"end":{"line":205,"column":39}},"76":{"start":{"line":209,"column":22},"end":{"line":233,"column":null}},"77":{"start":{"line":209,"column":38},"end":{"line":209,"column":43}},"78":{"start":{"line":209,"column":45},"end":{"line":209,"column":49}},"79":{"start":{"line":211,"column":6},"end":{"line":211,"column":34}},"80":{"start":{"line":214,"column":23},"end":{"line":214,"column":null}},"81":{"start":{"line":214,"column":10},"end":{"line":214,"column":null}},"82":{"start":{"line":217,"column":6},"end":{"line":217,"column":46}},"83":{"start":{"line":220,"column":4},"end":{"line":220,"column":36}},"84":{"start":{"line":222,"column":17},"end":{"line":224,"column":null}},"85":{"start":{"line":222,"column":10},"end":{"line":224,"column":null}},"86":{"start":{"line":226,"column":8},"end":{"line":226,"column":12}},"87":{"start":{"line":227,"column":6},"end":{"line":227,"column":86}},"88":{"start":{"line":229,"column":10},"end":{"line":229,"column":14}},"89":{"start":{"line":230,"column":8},"end":{"line":230,"column":89}},"90":{"start":{"line":234,"column":0},"end":{"line":234,"column":null}},"91":{"start":{"line":236,"column":0},"end":{"line":236,"column":39}},"92":{"start":{"line":238,"column":19},"end":{"line":238,"column":99}},"93":{"start":{"line":240,"column":0},"end":{"line":240,"column":26}}},"fnMap":{"0":{"name":"generateToken","decl":{"start":{"line":63,"column":9},"end":{"line":63,"column":22}},"loc":{"start":{"line":63,"column":22},"end":{"line":73,"column":1}}},"1":{"name":"(anonymous_19)","decl":{"start":{"line":64,"column":14},"end":{"line":64,"column":null}},"loc":{"start":{"line":64,"column":14},"end":{"line":65,"column":8}}},"2":{"name":"(anonymous_20)","decl":{"start":{"line":75,"column":0},"end":{"line":75,"column":30}},"loc":{"start":{"line":75,"column":0},"end":{"line":234,"column":null}}},"3":{"name":"(anonymous_25)","decl":{"start":{"line":146,"column":13},"end":{"line":146,"column":16}},"loc":{"start":{"line":146,"column":16},"end":{"line":148,"column":5}}}},"branchMap":{"0":{"loc":{"start":{"line":77,"column":8},"end":{"line":77,"column":15}},"type":"binary-expr","locations":[{"start":{"line":77,"column":8},"end":{"line":77,"column":15}},{"start":{"line":77,"column":19},"end":{"line":77,"column":25}}]},"1":{"loc":{"start":{"line":82,"column":8},"end":{"line":82,"column":13}},"type":"binary-expr","locations":[{"start":{"line":82,"column":8},"end":{"line":82,"column":13}},{"start":{"line":82,"column":17},"end":{"line":82,"column":45}}]},"2":{"loc":{"start":{"line":96,"column":12},"end":{"line":96,"column":52}},"type":"binary-expr","locations":[{"start":{"line":96,"column":12},"end":{"line":96,"column":52}},{"start":{"line":96,"column":56},"end":{"line":96,"column":87}}]},"3":{"loc":{"start":{"line":204,"column":8},"end":{"line":204,"column":12}},"type":"binary-expr","locations":[{"start":{"line":204,"column":8},"end":{"line":204,"column":12}},{"start":{"line":204,"column":16},"end":{"line":204,"column":47}}]},"4":{"loc":{"start":{"line":210,"column":8},"end":{"line":210,"column":14}},"type":"binary-expr","locations":[{"start":{"line":210,"column":8},"end":{"line":210,"column":14}},{"start":{"line":210,"column":18},"end":{"line":210,"column":23}}]},"5":{"loc":{"start":{"line":216,"column":8},"end":{"line":216,"column":19}},"type":"binary-expr","locations":[{"start":{"line":216,"column":8},"end":{"line":216,"column":19}},{"start":{"line":216,"column":23},"end":{"line":216,"column":54}}]},"6":{"loc":{"start":{"line":226,"column":8},"end":{"line":226,"column":12}},"type":"binary-expr","locations":[{"start":{"line":226,"column":8},"end":{"line":226,"column":12}},{"start":{"line":226,"column":16},"end":{"line":226,"column":50}}]},"7":{"loc":{"start":{"line":229,"column":10},"end":{"line":229,"column":40}},"type":"binary-expr","locations":[{"start":{"line":229,"column":10},"end":{"line":229,"column":40}},{"start":{"line":229,"column":44},"end":{"line":229,"column":65}}]}},"s":{"0":1,"1":1,"2":1,"3":1,"4":1,"5":1,"6":1,"7":1,"8":1,"9":1,"10":0,"11":0,"12":0,"13":1,"14":1,"15":1,"16":0,"17":0,"18":0,"19":0,"20":0,"21":0,"22":0,"23":0,"24":0,"25":0,"26":0,"27":0,"28":0,"29":0,"30":0,"31":0,"32":0,"33":0,"34":0,"35":0,"36":0,"37":0,"38":0,"39":0,"40":0,"41":0,"42":0,"43":0,"44":0,"45":0,"46":0,"47":0,"48":0,"49":1,"50":0,"51":0,"52":0,"53":0,"54":0,"55":0,"56":1,"57":0,"58":0,"59":0,"60":0,"61":0,"62":0,"63":0,"64":0,"65":0,"66":1,"67":0,"68":0,"69":0,"70":0,"71":0,"72":0,"73":0,"74":0,"75":0,"76":1,"77":0,"78":0,"79":0,"80":0,"81":0,"82":0,"83":0,"84":0,"85":0,"86":0,"87":0,"88":0,"89":0,"90":1,"91":1,"92":1,"93":1},"f":{"0":0,"1":0,"2":1,"3":0},"b":{"0":[0,0],"1":[0,0],"2":[0,0],"3":[0,0],"4":[0,0],"5":[0,0],"6":[0,0],"7":[0,0]}}
,"/home/tima/apps/saas/api/server/models/Team.ts": {"path":"/home/tima/apps/saas/api/server/models/Team.ts","statementMap":{"0":{"start":{"line":1,"column":0},"end":{"line":1,"column":37}},"1":{"start":{"line":2,"column":0},"end":{"line":2,"column":29}},"2":{"start":{"line":4,"column":0},"end":{"line":4,"column":54}},"3":{"start":{"line":5,"column":0},"end":{"line":5,"column":26}},"4":{"start":{"line":7,"column":0},"end":{"line":7,"column":67}},"5":{"start":{"line":9,"column":0},"end":{"line":9,"column":40}},"6":{"start":{"line":11,"column":20},"end":{"line":53,"column":2}},"7":{"start":{"line":130,"column":0},"end":{"line":130,"column":null}},"8":{"start":{"line":130,"column":24},"end":{"line":130,"column":32}},"9":{"start":{"line":131,"column":22},"end":{"line":157,"column":null}},"10":{"start":{"line":131,"column":28},"end":{"line":131,"column":34}},"11":{"start":{"line":131,"column":36},"end":{"line":131,"column":40}},"12":{"start":{"line":131,"column":42},"end":{"line":131,"column":51}},"13":{"start":{"line":132,"column":4},"end":{"line":132,"column":57}},"14":{"start":{"line":135,"column":6},"end":{"line":135,"column":34}},"15":{"start":{"line":138,"column":17},"end":{"line":138,"column":null}},"16":{"start":{"line":138,"column":10},"end":{"line":138,"column":null}},"17":{"start":{"line":140,"column":8},"end":{"line":140,"column":28}},"18":{"start":{"line":141,"column":9},"end":{"line":141,"column":61}},"19":{"start":{"line":141,"column":8},"end":{"line":141,"column":9}},"20":{"start":{"line":142,"column":6},"end":{"line":142,"column":80}},"21":{"start":{"line":143,"column":6},"end":{"line":143,"column":25}},"22":{"start":{"line":146,"column":17},"end":{"line":154,"column":null}},"23":{"start":{"line":146,"column":10},"end":{"line":154,"column":null}},"24":{"start":{"line":156,"column":4},"end":{"line":156,"column":16}},"25":{"start":{"line":159,"column":22},"end":{"line":188,"column":null}},"26":{"start":{"line":160,"column":4},"end":{"line":160,"column":10}},"27":{"start":{"line":160,"column":12},"end":{"line":160,"column":18}},"28":{"start":{"line":160,"column":20},"end":{"line":160,"column":24}},"29":{"start":{"line":160,"column":26},"end":{"line":160,"column":35}},"30":{"start":{"line":162,"column":17},"end":{"line":162,"column":null}},"31":{"start":{"line":162,"column":10},"end":{"line":162,"column":null}},"32":{"start":{"line":165,"column":6},"end":{"line":165,"column":40}},"33":{"start":{"line":169,"column":6},"end":{"line":169,"column":43}},"34":{"start":{"line":172,"column":10},"end":{"line":172,"column":52}},"35":{"start":{"line":175,"column":6},"end":{"line":175,"column":27}},"36":{"start":{"line":178,"column":4},"end":{"line":178,"column":87}},"37":{"start":{"line":184,"column":4},"end":{"line":187,"column":33}},"38":{"start":{"line":190,"column":16},"end":{"line":192,"column":null}},"39":{"start":{"line":191,"column":4},"end":{"line":191,"column":61}},"40":{"start":{"line":194,"column":16},"end":{"line":196,"column":null}},"41":{"start":{"line":195,"column":4},"end":{"line":195,"column":71}},"42":{"start":{"line":198,"column":22},"end":{"line":206,"column":null}},"43":{"start":{"line":198,"column":37},"end":{"line":198,"column":43}},"44":{"start":{"line":198,"column":45},"end":{"line":198,"column":57}},"45":{"start":{"line":198,"column":59},"end":{"line":198,"column":65}},"46":{"start":{"line":199,"column":17},"end":{"line":199,"column":null}},"47":{"start":{"line":199,"column":10},"end":{"line":199,"column":null}},"48":{"start":{"line":202,"column":6},"end":{"line":202,"column":43}},"49":{"start":{"line":205,"column":4},"end":{"line":205,"column":75}},"50":{"start":{"line":208,"column":22},"end":{"line":241,"column":null}},"51":{"start":{"line":208,"column":38},"end":{"line":208,"column":50}},"52":{"start":{"line":208,"column":52},"end":{"line":208,"column":58}},"53":{"start":{"line":209,"column":17},"end":{"line":209,"column":null}},"54":{"start":{"line":209,"column":10},"end":{"line":209,"column":null}},"55":{"start":{"line":211,"column":4},"end":{"line":211,"column":50}},"56":{"start":{"line":214,"column":6},"end":{"line":214,"column":71}},"57":{"start":{"line":218,"column":6},"end":{"line":218,"column":53}},"58":{"start":{"line":221,"column":29},"end":{"line":221,"column":null}},"59":{"start":{"line":221,"column":10},"end":{"line":221,"column":null}},"60":{"start":{"line":223,"column":4},"end":{"line":223,"column":75}},"61":{"start":{"line":225,"column":28},"end":{"line":229,"column":null}},"62":{"start":{"line":225,"column":10},"end":{"line":229,"column":null}},"63":{"start":{"line":231,"column":4},"end":{"line":240,"column":34}},"64":{"start":{"line":243,"column":22},"end":{"line":268,"column":null}},"65":{"start":{"line":243,"column":43},"end":{"line":243,"column":55}},"66":{"start":{"line":243,"column":57},"end":{"line":243,"column":63}},"67":{"start":{"line":244,"column":17},"end":{"line":244,"column":null}},"68":{"start":{"line":244,"column":10},"end":{"line":244,"column":null}},"69":{"start":{"line":247,"column":6},"end":{"line":247,"column":71}},"70":{"start":{"line":251,"column":6},"end":{"line":251,"column":55}},"71":{"start":{"line":254,"column":37},"end":{"line":256,"column":null}},"72":{"start":{"line":254,"column":10},"end":{"line":256,"column":null}},"73":{"start":{"line":258,"column":4},"end":{"line":267,"column":34}},"74":{"start":{"line":270,"column":22},"end":{"line":294,"column":null}},"75":{"start":{"line":270,"column":61},"end":{"line":270,"column":75}},"76":{"start":{"line":271,"column":22},"end":{"line":273,"column":null}},"77":{"start":{"line":271,"column":10},"end":{"line":273,"column":null}},"78":{"start":{"line":275,"column":6},"end":{"line":275,"column":55}},"79":{"start":{"line":278,"column":6},"end":{"line":278,"column":76}},"80":{"start":{"line":280,"column":37},"end":{"line":282,"column":null}},"81":{"start":{"line":280,"column":10},"end":{"line":282,"column":null}},"82":{"start":{"line":283,"column":4},"end":{"line":293,"column":34}},"83":{"start":{"line":295,"column":0},"end":{"line":295,"column":null}},"84":{"start":{"line":297,"column":0},"end":{"line":297,"column":33}},"85":{"start":{"line":299,"column":13},"end":{"line":299,"column":75}},"86":{"start":{"line":301,"column":0},"end":{"line":301,"column":20}}},"fnMap":{"0":{"name":"(anonymous_18)","decl":{"start":{"line":130,"column":0},"end":{"line":130,"column":24}},"loc":{"start":{"line":130,"column":0},"end":{"line":295,"column":null}}},"1":{"name":"(anonymous_26)","decl":{"start":{"line":190,"column":2},"end":{"line":190,"column":16}},"loc":{"start":{"line":190,"column":39},"end":{"line":192,"column":3}}},"2":{"name":"(anonymous_27)","decl":{"start":{"line":194,"column":2},"end":{"line":194,"column":16}},"loc":{"start":{"line":194,"column":38},"end":{"line":196,"column":3}}}},"branchMap":{"0":{"loc":{"start":{"line":134,"column":8},"end":{"line":134,"column":15}},"type":"binary-expr","locations":[{"start":{"line":134,"column":8},"end":{"line":134,"column":15}},{"start":{"line":134,"column":19},"end":{"line":134,"column":24}},{"start":{"line":134,"column":28},"end":{"line":134,"column":38}}]},"1":{"loc":{"start":{"line":201,"column":8},"end":{"line":201,"column":42}},"type":"binary-expr","locations":[{"start":{"line":201,"column":8},"end":{"line":201,"column":42}},{"start":{"line":201,"column":46},"end":{"line":201,"column":69}}]}},"s":{"0":1,"1":1,"2":1,"3":1,"4":1,"5":1,"6":1,"7":1,"8":1,"9":1,"10":0,"11":0,"12":0,"13":0,"14":0,"15":0,"16":0,"17":0,"18":0,"19":0,"20":0,"21":0,"22":0,"23":0,"24":0,"25":1,"26":0,"27":0,"28":0,"29":0,"30":0,"31":0,"32":0,"33":0,"34":0,"35":0,"36":0,"37":0,"38":1,"39":0,"40":1,"41":0,"42":1,"43":0,"44":0,"45":0,"46":0,"47":0,"48":0,"49":0,"50":1,"51":0,"52":0,"53":0,"54":0,"55":0,"56":0,"57":0,"58":0,"59":0,"60":0,"61":0,"62":0,"63":0,"64":1,"65":0,"66":0,"67":0,"68":0,"69":0,"70":0,"71":0,"72":0,"73":0,"74":1,"75":0,"76":0,"77":0,"78":0,"79":0,"80":0,"81":0,"82":0,"83":1,"84":1,"85":1,"86":1},"f":{"0":1,"1":0,"2":0},"b":{"0":[0,0,0],"1":[0,0]}}
,"/home/tima/apps/saas/api/server/models/User.ts": {"path":"/home/tima/apps/saas/api/server/models/User.ts","statementMap":{"0":{"start":{"line":1,"column":0},"end":{"line":1,"column":28}},"1":{"start":{"line":2,"column":0},"end":{"line":2,"column":37}},"2":{"start":{"line":4,"column":0},"end":{"line":4,"column":35}},"3":{"start":{"line":5,"column":0},"end":{"line":5,"column":29}},"4":{"start":{"line":6,"column":0},"end":{"line":6,"column":41}},"5":{"start":{"line":7,"column":0},"end":{"line":7,"column":48}},"6":{"start":{"line":8,"column":0},"end":{"line":8,"column":66}},"7":{"start":{"line":9,"column":0},"end":{"line":9,"column":38}},"8":{"start":{"line":10,"column":0},"end":{"line":10,"column":26}},"9":{"start":{"line":12,"column":0},"end":{"line":12,"column":null}},"10":{"start":{"line":20,"column":0},"end":{"line":20,"column":null}},"11":{"start":{"line":24,"column":0},"end":{"line":24,"column":40}},"12":{"start":{"line":26,"column":20},"end":{"line":106,"column":2}},"13":{"start":{"line":212,"column":0},"end":{"line":212,"column":null}},"14":{"start":{"line":212,"column":24},"end":{"line":212,"column":32}},"15":{"start":{"line":213,"column":22},"end":{"line":228,"column":null}},"16":{"start":{"line":213,"column":38},"end":{"line":213,"column":44}},"17":{"start":{"line":213,"column":46},"end":{"line":213,"column":50}},"18":{"start":{"line":213,"column":52},"end":{"line":213,"column":61}},"19":{"start":{"line":216,"column":17},"end":{"line":216,"column":null}},"20":{"start":{"line":216,"column":10},"end":{"line":216,"column":null}},"21":{"start":{"line":218,"column":10},"end":{"line":218,"column":83}},"22":{"start":{"line":220,"column":8},"end":{"line":220,"column":12}},"23":{"start":{"line":221,"column":6},"end":{"line":221,"column":34}},"24":{"start":{"line":222,"column":6},"end":{"line":222,"column":15}},"25":{"start":{"line":222,"column":22},"end":{"line":222,"column":53}},"26":{"start":{"line":222,"column":6},"end":{"line":222,"column":53}},"27":{"start":{"line":225,"column":4},"end":{"line":227,"column":34}},"28":{"start":{"line":230,"column":22},"end":{"line":251,"column":null}},"29":{"start":{"line":230,"column":39},"end":{"line":230,"column":45}},"30":{"start":{"line":230,"column":47},"end":{"line":230,"column":58}},"31":{"start":{"line":231,"column":17},"end":{"line":231,"column":null}},"32":{"start":{"line":231,"column":10},"end":{"line":231,"column":null}},"33":{"start":{"line":233,"column":24},"end":{"line":237,"column":null}},"34":{"start":{"line":233,"column":10},"end":{"line":237,"column":null}},"35":{"start":{"line":239,"column":4},"end":{"line":239,"column":56}},"36":{"start":{"line":241,"column":20},"end":{"line":244,"column":null}},"37":{"start":{"line":241,"column":10},"end":{"line":244,"column":null}},"38":{"start":{"line":246,"column":10},"end":{"line":246,"column":100}},"39":{"start":{"line":248,"column":4},"end":{"line":250,"column":34}},"40":{"start":{"line":253,"column":22},"end":{"line":275,"column":null}},"41":{"start":{"line":253,"column":52},"end":{"line":253,"column":58}},"42":{"start":{"line":253,"column":60},"end":{"line":253,"column":71}},"43":{"start":{"line":254,"column":17},"end":{"line":254,"column":null}},"44":{"start":{"line":254,"column":10},"end":{"line":254,"column":null}},"45":{"start":{"line":256,"column":4},"end":{"line":256,"column":49}},"46":{"start":{"line":258,"column":23},"end":{"line":261,"column":null}},"47":{"start":{"line":258,"column":10},"end":{"line":261,"column":null}},"48":{"start":{"line":263,"column":4},"end":{"line":263,"column":32}},"49":{"start":{"line":265,"column":31},"end":{"line":268,"column":null}},"50":{"start":{"line":265,"column":10},"end":{"line":268,"column":null}},"51":{"start":{"line":270,"column":10},"end":{"line":270,"column":84}},"52":{"start":{"line":272,"column":4},"end":{"line":274,"column":34}},"53":{"start":{"line":277,"column":22},"end":{"line":297,"column":null}},"54":{"start":{"line":277,"column":53},"end":{"line":277,"column":59}},"55":{"start":{"line":278,"column":17},"end":{"line":278,"column":null}},"56":{"start":{"line":278,"column":10},"end":{"line":278,"column":null}},"57":{"start":{"line":280,"column":4},"end":{"line":280,"column":49}},"58":{"start":{"line":282,"column":30},"end":{"line":284,"column":null}},"59":{"start":{"line":282,"column":10},"end":{"line":284,"column":null}},"60":{"start":{"line":286,"column":10},"end":{"line":288,"column":6}},"61":{"start":{"line":291,"column":6},"end":{"line":291,"column":54}},"62":{"start":{"line":294,"column":4},"end":{"line":296,"column":34}},"63":{"start":{"line":299,"column":22},"end":{"line":305,"column":null}},"64":{"start":{"line":299,"column":39},"end":{"line":299,"column":45}},"65":{"start":{"line":299,"column":47},"end":{"line":299,"column":53}},"66":{"start":{"line":300,"column":17},"end":{"line":300,"column":null}},"67":{"start":{"line":300,"column":10},"end":{"line":300,"column":null}},"68":{"start":{"line":302,"column":4},"end":{"line":304,"column":34}},"69":{"start":{"line":307,"column":22},"end":{"line":376,"column":null}},"70":{"start":{"line":307,"column":39},"end":{"line":307,"column":47}},"71":{"start":{"line":307,"column":49},"end":{"line":307,"column":54}},"72":{"start":{"line":307,"column":56},"end":{"line":307,"column":67}},"73":{"start":{"line":307,"column":69},"end":{"line":307,"column":80}},"74":{"start":{"line":307,"column":82},"end":{"line":307,"column":91}},"75":{"start":{"line":308,"column":17},"end":{"line":310,"column":null}},"76":{"start":{"line":308,"column":10},"end":{"line":310,"column":null}},"77":{"start":{"line":312,"column":8},"end":{"line":312,"column":12}},"78":{"start":{"line":314,"column":8},"end":{"line":314,"column":20}},"79":{"start":{"line":317,"column":12},"end":{"line":317,"column":26}},"80":{"start":{"line":319,"column":8},"end":{"line":319,"column":70}},"81":{"start":{"line":323,"column":8},"end":{"line":323,"column":72}},"82":{"start":{"line":326,"column":6},"end":{"line":326,"column":61}},"83":{"start":{"line":328,"column":6},"end":{"line":328,"column":18}},"84":{"start":{"line":331,"column":17},"end":{"line":331,"column":null}},"85":{"start":{"line":331,"column":10},"end":{"line":331,"column":null}},"86":{"start":{"line":333,"column":20},"end":{"line":342,"column":null}},"87":{"start":{"line":333,"column":10},"end":{"line":342,"column":null}},"88":{"start":{"line":344,"column":27},"end":{"line":344,"column":70}},"89":{"start":{"line":344,"column":10},"end":{"line":344,"column":null}},"90":{"start":{"line":346,"column":26},"end":{"line":348,"column":null}},"91":{"start":{"line":346,"column":10},"end":{"line":348,"column":null}},"92":{"start":{"line":351,"column":6},"end":{"line":351,"column":58}},"93":{"start":{"line":354,"column":21},"end":{"line":354,"column":null}},"94":{"start":{"line":354,"column":10},"end":{"line":354,"column":null}},"95":{"start":{"line":356,"column":8},"end":{"line":356,"column":9}},"96":{"start":{"line":358,"column":8},"end":{"line":363,"column":11}},"97":{"start":{"line":365,"column":8},"end":{"line":365,"column":50}},"98":{"start":{"line":370,"column":6},"end":{"line":370,"column":54}},"99":{"start":{"line":372,"column":6},"end":{"line":372,"column":46}},"100":{"start":{"line":375,"column":4},"end":{"line":375,"column":48}},"101":{"start":{"line":378,"column":22},"end":{"line":429,"column":null}},"102":{"start":{"line":378,"column":38},"end":{"line":378,"column":41}},"103":{"start":{"line":378,"column":43},"end":{"line":378,"column":48}},"104":{"start":{"line":379,"column":17},"end":{"line":381,"column":null}},"105":{"start":{"line":379,"column":10},"end":{"line":381,"column":null}},"106":{"start":{"line":384,"column":6},"end":{"line":384,"column":41}},"107":{"start":{"line":387,"column":17},"end":{"line":387,"column":null}},"108":{"start":{"line":387,"column":10},"end":{"line":387,"column":null}},"109":{"start":{"line":389,"column":20},"end":{"line":395,"column":null}},"110":{"start":{"line":389,"column":10},"end":{"line":395,"column":null}},"111":{"start":{"line":397,"column":27},"end":{"line":397,"column":70}},"112":{"start":{"line":397,"column":10},"end":{"line":397,"column":null}},"113":{"start":{"line":399,"column":26},"end":{"line":401,"column":null}},"114":{"start":{"line":399,"column":10},"end":{"line":401,"column":null}},"115":{"start":{"line":404,"column":6},"end":{"line":404,"column":58}},"116":{"start":{"line":407,"column":21},"end":{"line":407,"column":null}},"117":{"start":{"line":407,"column":10},"end":{"line":407,"column":null}},"118":{"start":{"line":409,"column":8},"end":{"line":409,"column":9}},"119":{"start":{"line":411,"column":8},"end":{"line":416,"column":11}},"120":{"start":{"line":418,"column":8},"end":{"line":418,"column":50}},"121":{"start":{"line":423,"column":6},"end":{"line":423,"column":54}},"122":{"start":{"line":425,"column":6},"end":{"line":425,"column":46}},"123":{"start":{"line":428,"column":4},"end":{"line":428,"column":48}},"124":{"start":{"line":431,"column":16},"end":{"line":447,"column":null}},"125":{"start":{"line":432,"column":4},"end":{"line":446,"column":6}},"126":{"start":{"line":449,"column":22},"end":{"line":463,"column":null}},"127":{"start":{"line":449,"column":50},"end":{"line":449,"column":56}},"128":{"start":{"line":449,"column":58},"end":{"line":449,"column":64}},"129":{"start":{"line":451,"column":6},"end":{"line":451,"column":34}},"130":{"start":{"line":454,"column":17},"end":{"line":456,"column":null}},"131":{"start":{"line":454,"column":10},"end":{"line":456,"column":null}},"132":{"start":{"line":459,"column":6},"end":{"line":459,"column":40}},"133":{"start":{"line":462,"column":4},"end":{"line":462,"column":16}},"134":{"start":{"line":465,"column":16},"end":{"line":467,"column":null}},"135":{"start":{"line":465,"column":30},"end":{"line":465,"column":36}},"136":{"start":{"line":465,"column":38},"end":{"line":465,"column":47}},"137":{"start":{"line":466,"column":4},"end":{"line":466,"column":71}},"138":{"start":{"line":468,"column":0},"end":{"line":468,"column":null}},"139":{"start":{"line":470,"column":0},"end":{"line":470,"column":33}},"140":{"start":{"line":472,"column":13},"end":{"line":472,"column":75}},"141":{"start":{"line":473,"column":0},"end":{"line":477,"column":3}},"142":{"start":{"line":475,"column":4},"end":{"line":475,"column":53}},"143":{"start":{"line":479,"column":0},"end":{"line":479,"column":20}}},"fnMap":{"0":{"name":"(anonymous_18)","decl":{"start":{"line":212,"column":0},"end":{"line":212,"column":24}},"loc":{"start":{"line":212,"column":0},"end":{"line":468,"column":null}}},"1":{"name":"(anonymous_41)","decl":{"start":{"line":431,"column":2},"end":{"line":431,"column":16}},"loc":{"start":{"line":431,"column":2},"end":{"line":447,"column":3}}},"2":{"name":"(anonymous_45)","decl":{"start":{"line":465,"column":2},"end":{"line":465,"column":16}},"loc":{"start":{"line":465,"column":49},"end":{"line":467,"column":3}}},"3":{"name":"(anonymous_46)","decl":{"start":{"line":473,"column":19},"end":{"line":473,"column":22}},"loc":{"start":{"line":473,"column":22},"end":{"line":477,"column":1}}}},"branchMap":{"0":{"loc":{"start":{"line":450,"column":8},"end":{"line":450,"column":15}},"type":"binary-expr","locations":[{"start":{"line":450,"column":8},"end":{"line":450,"column":15}},{"start":{"line":450,"column":19},"end":{"line":450,"column":26}}]},"1":{"loc":{"start":{"line":458,"column":8},"end":{"line":458,"column":13}},"type":"binary-expr","locations":[{"start":{"line":458,"column":8},"end":{"line":458,"column":13}},{"start":{"line":458,"column":17},"end":{"line":458,"column":54}}]}},"s":{"0":1,"1":1,"2":1,"3":1,"4":1,"5":1,"6":1,"7":1,"8":1,"9":1,"10":1,"11":1,"12":1,"13":1,"14":1,"15":1,"16":0,"17":0,"18":0,"19":0,"20":0,"21":0,"22":0,"23":0,"24":0,"25":0,"26":0,"27":0,"28":1,"29":0,"30":0,"31":0,"32":0,"33":0,"34":0,"35":0,"36":0,"37":0,"38":0,"39":0,"40":1,"41":0,"42":0,"43":0,"44":0,"45":0,"46":0,"47":0,"48":0,"49":0,"50":0,"51":0,"52":0,"53":1,"54":0,"55":0,"56":0,"57":0,"58":0,"59":0,"60":0,"61":0,"62":0,"63":1,"64":0,"65":0,"66":0,"67":0,"68":0,"69":1,"70":0,"71":0,"72":0,"73":0,"74":0,"75":0,"76":0,"77":0,"78":0,"79":0,"80":0,"81":0,"82":0,"83":0,"84":0,"85":0,"86":0,"87":0,"88":0,"89":0,"90":0,"91":0,"92":0,"93":0,"94":0,"95":0,"96":0,"97":0,"98":0,"99":0,"100":0,"101":1,"102":0,"103":0,"104":0,"105":0,"106":0,"107":0,"108":0,"109":0,"110":0,"111":0,"112":0,"113":0,"114":0,"115":0,"116":0,"117":0,"118":0,"119":0,"120":0,"121":0,"122":0,"123":0,"124":1,"125":0,"126":1,"127":0,"128":0,"129":0,"130":0,"131":0,"132":0,"133":0,"134":1,"135":0,"136":0,"137":0,"138":1,"139":1,"140":1,"141":1,"142":0,"143":1},"f":{"0":1,"1":0,"2":0,"3":0},"b":{"0":[0,0],"1":[0,0]}}
,"/home/tima/apps/saas/api/server/utils/slugify.ts": {"path":"/home/tima/apps/saas/api/server/utils/slugify.ts","statementMap":{"0":{"start":{"line":1,"column":16},"end":{"line":2,"column":6}},"1":{"start":{"line":2,"column":2},"end":{"line":17,"column":23}},"2":{"start":{"line":20,"column":14},"end":{"line":22,"column":null}},"3":{"start":{"line":20,"column":8},"end":{"line":22,"column":null}},"4":{"start":{"line":25,"column":4},"end":{"line":25,"column":30}},"5":{"start":{"line":28,"column":2},"end":{"line":28,"column":58}},"6":{"start":{"line":31,"column":41},"end":{"line":31,"column":null}},"7":{"start":{"line":32,"column":8},"end":{"line":32,"column":33}},"8":{"start":{"line":34,"column":14},"end":{"line":36,"column":null}},"9":{"start":{"line":34,"column":8},"end":{"line":36,"column":null}},"10":{"start":{"line":39,"column":4},"end":{"line":39,"column":20}},"11":{"start":{"line":42,"column":2},"end":{"line":42,"column":54}},"12":{"start":{"line":57,"column":9},"end":{"line":57,"column":21}},"13":{"start":{"line":45,"column":41},"end":{"line":45,"column":54}},"14":{"start":{"line":45,"column":54},"end":{"line":45,"column":null}},"15":{"start":{"line":46,"column":14},"end":{"line":48,"column":null}},"16":{"start":{"line":46,"column":8},"end":{"line":48,"column":null}},"17":{"start":{"line":51,"column":4},"end":{"line":51,"column":18}},"18":{"start":{"line":54,"column":2},"end":{"line":54,"column":48}},"19":{"start":{"line":57,"column":23},"end":{"line":57,"column":41}}},"fnMap":{"0":{"name":"(anonymous_14)","decl":{"start":{"line":1,"column":16},"end":{"line":1,"column":20}},"loc":{"start":{"line":1,"column":20},"end":{"line":2,"column":6}}}},"branchMap":{"0":{"loc":{"start":{"line":31,"column":41},"end":{"line":31,"column":null}},"type":"if","locations":[{"start":{"line":31,"column":41},"end":{"line":31,"column":null}},{"start":{"line":31,"column":41},"end":{"line":31,"column":null}}]},"1":{"loc":{"start":{"line":45,"column":41},"end":{"line":45,"column":54}},"type":"if","locations":[{"start":{"line":45,"column":41},"end":{"line":45,"column":54}},{"start":{"line":45,"column":41},"end":{"line":45,"column":54}}]},"2":{"loc":{"start":{"line":45,"column":54},"end":{"line":45,"column":null}},"type":"if","locations":[{"start":{"line":45,"column":54},"end":{"line":45,"column":null}},{"start":{"line":45,"column":54},"end":{"line":45,"column":null}}]}},"s":{"0":1,"1":3,"2":3,"3":3,"4":2,"5":1,"6":6,"7":3,"8":3,"9":3,"10":1,"11":2,"12":1,"13":0,"14":0,"15":0,"16":0,"17":0,"18":0,"19":1},"f":{"0":3},"b":{"0":[3,0],"1":[0,0],"2":[0,0]}}
}
