TN:
SF:/home/tima/apps/saas/api/server/aws-ses.ts
FN:7,sendEmail
FN:16,(anonymous_1)
FN:36,(anonymous_2)
FNF:3
FNH:0
FNDA:0,sendEmail
FNDA:0,(anonymous_1)
FNDA:0,(anonymous_2)
DA:1,1
DA:3,1
DA:7,1
DA:8,0
DA:14,0
DA:16,0
DA:17,0
DA:38,0
DA:40,0
LF:9
LH:3
BRF:0
BRH:0
end_of_record
TN:
SF:/home/tima/apps/saas/api/server/consts.ts
FN:6,get
FNF:1
FNH:1
FNDA:38,get
DA:6,76
DA:7,38
DA:9,0
DA:11,38
DA:15,1
DA:17,1
DA:19,1
DA:21,1
DA:23,1
DA:25,1
DA:27,1
DA:29,1
DA:31,1
DA:33,1
DA:35,1
DA:37,1
DA:40,1
DA:42,1
DA:44,1
DA:46,0
DA:48,1
DA:50,1
DA:52,1
DA:55,0
DA:57,0
DA:60,1
DA:62,1
DA:63,1
DA:65,1
DA:66,1
DA:68,1
DA:70,1
DA:71,1
DA:72,1
DA:74,1
DA:75,1
DA:76,1
DA:78,1
DA:79,1
DA:80,1
DA:82,1
DA:83,1
DA:84,1
DA:86,1
LF:44
LH:40
BRDA:6,0,0,38
BRDA:6,0,1,0
BRDA:6,1,0,38
BRDA:6,1,1,0
BRDA:7,2,0,38
BRDA:7,2,1,19
BRDA:8,3,0,38
BRDA:8,3,1,19
BRDA:9,4,0,0
BRDA:9,4,1,0
BRDA:15,5,0,1
BRDA:15,5,1,0
BRDA:19,6,0,1
BRDA:19,6,1,1
BRDA:21,7,0,1
BRDA:21,7,1,1
BRDA:25,8,0,1
BRDA:25,8,1,0
BRDA:25,9,0,1
BRDA:25,9,1,1
BRDA:31,10,0,1
BRDA:31,10,1,0
BRDA:31,11,0,1
BRDA:31,11,1,1
BRDA:37,12,0,1
BRDA:37,12,1,0
BRDA:40,13,0,1
BRDA:40,13,1,0
BRDA:46,14,0,0
BRDA:46,14,1,0
BRDA:50,15,0,1
BRDA:50,15,1,0
BRDA:62,16,0,1
BRDA:62,16,1,1
BRDA:63,17,0,1
BRDA:63,17,1,1
BRDA:65,18,0,1
BRDA:65,18,1,1
BRDA:66,19,0,1
BRDA:66,19,1,1
BRDA:74,20,0,1
BRDA:74,20,1,1
BRDA:75,21,0,1
BRDA:75,21,1,1
BRDA:76,22,0,1
BRDA:76,22,1,0
BRDA:78,23,0,1
BRDA:78,23,1,1
BRDA:79,24,0,1
BRDA:79,24,1,1
BRDA:80,25,0,1
BRDA:80,25,1,0
BRDA:82,26,0,1
BRDA:82,26,1,1
BRDA:83,27,0,1
BRDA:83,27,1,1
BRDA:84,28,0,1
BRDA:84,28,1,0
BRDA:86,29,0,1
BRDA:86,29,1,1
BRF:60
BRH:45
end_of_record
TN:
SF:/home/tima/apps/saas/api/server/env.ts
FN:9,(anonymous_0)
FNF:1
FNH:1
FNDA:21,(anonymous_0)
DA:4,1
DA:5,1
DA:9,1
DA:10,21
DA:12,21
LF:5
LH:5
BRF:0
BRH:0
end_of_record
TN:
SF:/home/tima/apps/saas/api/server/logs.ts
FNF:0
FNH:0
DA:1,1
DA:3,1
DA:5,1
DA:11,1
LF:4
LH:4
BRDA:7,0,0,0
BRDA:7,0,1,1
BRF:2
BRH:1
end_of_record
TN:
SF:/home/tima/apps/saas/api/server/mailchimp.ts
FN:11,callAPI
FN:17,(anonymous_13)
FN:29,(anonymous_14)
FNF:3
FNH:0
FNDA:0,callAPI
FNDA:0,(anonymous_13)
FNDA:0,(anonymous_14)
DA:1,1
DA:3,1
DA:11,0
DA:12,0
DA:15,0
DA:17,0
DA:18,0
DA:31,0
DA:33,0
DA:40,0
DA:41,0
DA:46,0
DA:48,0
DA:51,1
LF:14
LH:3
BRF:0
BRH:0
end_of_record
TN:
SF:/home/tima/apps/saas/api/server/stripe.ts
FN:14,createCustomer
FN:25,createSubscription
FN:41,cancelSubscription
FN:46,retrieveCard
FN:52,createNewCard
FN:57,updateCustomer
FN:62,verifyWebHook
FN:71,stripeWebHooks
FN:95,getListOfInvoices
FNF:9
FNH:0
FNDA:0,createCustomer
FNDA:0,createSubscription
FNDA:0,cancelSubscription
FNDA:0,retrieveCard
FNDA:0,createNewCard
FNDA:0,updateCustomer
FNDA:0,verifyWebHook
FNDA:0,stripeWebHooks
FNDA:0,getListOfInvoices
DA:1,1
DA:2,1
DA:3,1
DA:4,1
DA:6,1
DA:12,1
DA:14,0
DA:15,0
DA:25,0
DA:26,0
DA:27,0
DA:41,0
DA:42,0
DA:43,0
DA:46,0
DA:47,0
DA:48,0
DA:49,0
DA:52,0
DA:53,0
DA:54,0
DA:57,0
DA:58,0
DA:59,0
DA:63,0
DA:68,0
DA:71,0
DA:72,0
DA:77,0
DA:81,0
DA:83,0
DA:87,0
DA:89,0
DA:95,0
DA:96,0
DA:97,0
DA:101,1
DA:102,1
DA:103,1
DA:104,1
DA:105,1
DA:106,1
DA:107,1
DA:108,1
LF:44
LH:14
BRF:0
BRH:0
end_of_record
TN:
SF:/home/tima/apps/saas/api/server/models/EmailTemplate.ts
FNF:0
FNH:0
DA:1,1
DA:2,1
DA:10,1
DA:30,1
DA:79,4
DA:80,4
DA:81,4
DA:87,4
DA:89,0
DA:94,1
DA:96,1
DA:101,0
DA:102,0
DA:103,0
DA:108,0
DA:111,0
DA:117,1
LF:17
LH:11
BRDA:88,0,0,0
BRDA:88,0,1,0
BRF:2
BRH:0
end_of_record
TN:
SF:/home/tima/apps/saas/api/server/models/Invitation.ts
FN:63,generateToken
FN:64,(anonymous_19)
FN:75,(anonymous_20)
FN:146,(anonymous_25)
FNF:4
FNH:1
FNDA:0,generateToken
FNDA:0,(anonymous_19)
FNDA:1,(anonymous_20)
FNDA:0,(anonymous_25)
DA:1,1
DA:3,1
DA:4,1
DA:5,1
DA:6,1
DA:7,1
DA:9,1
DA:13,1
DA:15,1
DA:37,1
DA:64,0
DA:65,0
DA:72,0
DA:75,1
DA:76,1
DA:78,0
DA:81,0
DA:83,0
DA:86,0
DA:90,0
DA:91,0
DA:92,0
DA:94,0
DA:96,0
DA:97,0
DA:105,0
DA:109,0
DA:110,0
DA:112,0
DA:113,0
DA:114,0
DA:117,0
DA:124,0
DA:129,0
DA:132,0
DA:141,0
DA:147,0
DA:150,0
DA:153,1
DA:154,0
DA:159,0
DA:162,0
DA:167,1
DA:169,0
DA:172,0
DA:175,0
DA:178,0
DA:183,0
DA:186,0
DA:189,1
DA:191,0
DA:194,0
DA:197,0
DA:200,0
DA:205,0
DA:209,1
DA:211,0
DA:214,0
DA:217,0
DA:220,0
DA:222,0
DA:226,0
DA:227,0
DA:229,0
DA:230,0
DA:234,1
DA:236,1
DA:238,1
DA:240,1
LF:69
LH:20
BRDA:77,0,0,0
BRDA:77,0,1,0
BRDA:82,1,0,0
BRDA:82,1,1,0
BRDA:96,2,0,0
BRDA:96,2,1,0
BRDA:204,3,0,0
BRDA:204,3,1,0
BRDA:210,4,0,0
BRDA:210,4,1,0
BRDA:216,5,0,0
BRDA:216,5,1,0
BRDA:226,6,0,0
BRDA:226,6,1,0
BRDA:229,7,0,0
BRDA:229,7,1,0
BRF:16
BRH:0
end_of_record
TN:
SF:/home/tima/apps/saas/api/server/models/Team.ts
FN:130,(anonymous_18)
FN:190,(anonymous_26)
FN:194,(anonymous_27)
FNF:3
FNH:1
FNDA:1,(anonymous_18)
FNDA:0,(anonymous_26)
FNDA:0,(anonymous_27)
DA:1,1
DA:2,1
DA:4,1
DA:5,1
DA:7,1
DA:9,1
DA:11,1
DA:130,1
DA:131,1
DA:132,0
DA:135,0
DA:138,0
DA:140,0
DA:141,0
DA:142,0
DA:143,0
DA:146,0
DA:156,0
DA:159,1
DA:160,0
DA:162,0
DA:165,0
DA:169,0
DA:172,0
DA:175,0
DA:178,0
DA:184,0
DA:190,1
DA:191,0
DA:194,1
DA:195,0
DA:198,1
DA:199,0
DA:202,0
DA:205,0
DA:208,1
DA:209,0
DA:211,0
DA:214,0
DA:218,0
DA:221,0
DA:223,0
DA:225,0
DA:231,0
DA:243,1
DA:244,0
DA:247,0
DA:251,0
DA:254,0
DA:258,0
DA:270,1
DA:271,0
DA:275,0
DA:278,0
DA:280,0
DA:283,0
DA:295,1
DA:297,1
DA:299,1
DA:301,1
LF:60
LH:20
BRDA:134,0,0,0
BRDA:134,0,1,0
BRDA:134,0,2,0
BRDA:201,1,0,0
BRDA:201,1,1,0
BRF:5
BRH:0
end_of_record
TN:
SF:/home/tima/apps/saas/api/server/models/User.ts
FN:212,(anonymous_18)
FN:431,(anonymous_41)
FN:465,(anonymous_45)
FN:473,(anonymous_46)
FNF:4
FNH:1
FNDA:1,(anonymous_18)
FNDA:0,(anonymous_41)
FNDA:0,(anonymous_45)
FNDA:0,(anonymous_46)
DA:1,1
DA:2,1
DA:4,1
DA:5,1
DA:6,1
DA:7,1
DA:8,1
DA:9,1
DA:10,1
DA:12,1
DA:20,1
DA:24,1
DA:26,1
DA:212,1
DA:213,1
DA:216,0
DA:218,0
DA:220,0
DA:221,0
DA:222,0
DA:225,0
DA:230,1
DA:231,0
DA:233,0
DA:239,0
DA:241,0
DA:246,0
DA:248,0
DA:253,1
DA:254,0
DA:256,0
DA:258,0
DA:263,0
DA:265,0
DA:270,0
DA:272,0
DA:277,1
DA:278,0
DA:280,0
DA:282,0
DA:286,0
DA:291,0
DA:294,0
DA:299,1
DA:300,0
DA:302,0
DA:307,1
DA:308,0
DA:312,0
DA:314,0
DA:317,0
DA:319,0
DA:323,0
DA:326,0
DA:328,0
DA:331,0
DA:333,0
DA:344,0
DA:346,0
DA:351,0
DA:354,0
DA:356,0
DA:358,0
DA:365,0
DA:370,0
DA:372,0
DA:375,0
DA:378,1
DA:379,0
DA:384,0
DA:387,0
DA:389,0
DA:397,0
DA:399,0
DA:404,0
DA:407,0
DA:409,0
DA:411,0
DA:418,0
DA:423,0
DA:425,0
DA:428,0
DA:431,1
DA:432,0
DA:449,1
DA:451,0
DA:454,0
DA:459,0
DA:462,0
DA:465,1
DA:466,0
DA:468,1
DA:470,1
DA:472,1
DA:473,1
DA:475,0
DA:479,1
LF:97
LH:29
BRDA:450,0,0,0
BRDA:450,0,1,0
BRDA:458,1,0,0
BRDA:458,1,1,0
BRF:4
BRH:0
end_of_record
TN:
SF:/home/tima/apps/saas/api/server/utils/slugify.ts
FN:1,(anonymous_14)
FNF:1
FNH:1
FNDA:3,(anonymous_14)
DA:1,1
DA:2,3
DA:20,3
DA:25,2
DA:28,1
DA:31,6
DA:32,3
DA:34,3
DA:39,1
DA:42,2
DA:45,0
DA:46,0
DA:51,0
DA:54,0
DA:57,1
LF:15
LH:11
BRDA:31,0,0,3
BRDA:31,0,1,0
BRDA:45,1,0,0
BRDA:45,1,1,0
BRDA:45,2,0,0
BRDA:45,2,1,0
BRF:6
BRH:1
end_of_record
